Error: Route "/day" used `searchParams.date`. `searchParams` should be awaited before using its properties. Learn more: https://nextjs.org/docs/messages/sync-dynamic-apis
    at DayPage (src\app\(app)\day\page.tsx:13:42)
  11 |
  12 | export default async function DayPage({ searchParams }: { searchParams: { date?: string } }) {
> 13 |   const selectedDateString = searchParams.date || format(new Date(), 'yyyy-MM-dd');
     |                                          ^
  14 |   
  15 |   const { orbits, phases, pulses, commitments, weeklyProgress, monthlyProgress } = await getDashboardData(selectedDateString);
  16 |   const quoteData = await getQuoteOfTheDay();
Error: Route "/day" used `cookies().get('sb-srydrbbpctrseoqtarhm-auth-token')`. `cookies()` should be awaited before using its value. Learn more: https://nextjs.org/docs/messages/sync-dynamic-apis
    at Object.get (src\lib\supabase\server.ts:13:29)
    at getWithHints (../../src/cookies.ts:76:38)
    at getAll (../../src/cookies.ts:90:51)
    at Object.getItem (../../src/cookies.ts:324:33)
    at getItemAsync (../../../src/lib/helpers.ts:129:30)
    at SupabaseAuthClient.__loadSession (../../src/GoTrueClient.ts:1316:46)
    at SupabaseAuthClient._useSession (../../src/GoTrueClient.ts:1274:32)
    at SupabaseAuthClient._emitInitialSession (../../src/GoTrueClient.ts:1876:22)
    at <unknown> (../../src/GoTrueClient.ts:1868:13)
    at <unknown> (../../src/GoTrueClient.ts:1206:25)
    at SupabaseAuthClient.lockNoOp [as lock] (../../src/GoTrueClient.ts:130:15)
    at SupabaseAuthClient._acquireLock (../../src/GoTrueClient.ts:1200:24)
    at <unknown> (../../src/GoTrueClient.ts:1867:17)
  11 |       cookies: {
  12 |         get(name: string) {
> 13 |           return cookieStore.get(name)?.value
     |                             ^
  14 |         },
  15 |         set(name: string, value: string, options: CookieOptions) {
  16 |           try {
