
> nextn@0.1.0 dev
> next dev --turbopack -p 9002

   â–² Next.js 15.3.3 (Turbopack)
   - Local:        http://localhost:9002
   - Network:      http://192.168.1.113:9002
   - Environments: .env

 âœ“ Starting...
 âœ“ Compiled middleware in 249ms
 âœ“ Ready in 1548ms
 â—‹ Compiling /day ...
 âœ“ Compiled /day in 5.3s
 GET /day 500 in 8901ms
 â—‹ Compiling /favicon.ico ...
 âœ“ Compiled /favicon.ico in 515ms
 GET /favicon.ico 200 in 838ms
 âœ“ Compiled in 854ms
 âœ“ Compiled /day in 79ms
 GET /day 200 in 1832ms
 GET /favicon.ico?favicon.56766c03.ico 200 in 297ms
¨Desea terminar el trabajo por lotes (S/N)? [?25h
