
> nextn@0.1.0 dev
> next dev --turbopack -p 9002

   â–² Next.js 15.3.3 (Turbopack)
   - Local:        http://localhost:9002
   - Environments: .env

 âœ“ Starting...
 âœ“ Compiled middleware in 460ms
 âœ“ Ready in 2.2s
 â—‹ Compiling /day ...
 âœ“ Compiled /day in 5.8s
 GET /day 307 in 32687ms
 â—‹ Compiling /login ...
 âœ“ Compiled /login in 1499ms
 GET /login 200 in 1705ms
 â—‹ Compiling /_not-found/page ...
 GET /logo.png 404 in 889ms
 âœ“ Compiled /_not-found/page in 971ms
 GET /favicon.ico?favicon.56766c03.ico 200 in 937ms
Shutting down all Genkit servers...
¨Desea terminar el trabajo por lotes (S/N)? [?25h
